
Solving Air Cargo Problem 2 using astar_search with h_1...

Expansions   Goal Tests   New Nodes
   4834        4836       43866   

Plan length: 9  Time elapsed in seconds: 12.68032200000016
Load(C1, P1, SFO)
Load(C2, P2, JFK)
Load(C3, P3, ATL)
Fly(P1, SFO, JFK)
Fly(P2, JFK, SFO)
Fly(P3, ATL, SFO)
Unload(C1, P1, JFK)
Unload(C2, P2, SFO)
Unload(C3, P3, SFO)


Solving Air Cargo Problem 2 using astar_search with h_ignore_preconditions...

Expansions   Goal Tests   New Nodes
   1450        1452       13303   

Plan length: 9  Time elapsed in seconds: 4.772579999997106
Load(C1, P1, SFO)
Fly(P1, SFO, JFK)
Unload(C1, P1, JFK)
Load(C2, P2, JFK)
Fly(P2, JFK, SFO)
Unload(C2, P2, SFO)
Load(C3, P3, ATL)
Fly(P3, ATL, SFO)
Unload(C3, P3, SFO)


Solving Air Cargo Problem 2 using astar_search with h_pg_levelsum...

Expansions   Goal Tests   New Nodes
   4834        4836       43866   

Plan length: 9  Time elapsed in seconds: 1088.2506839999987
Load(C1, P1, SFO)
Load(C2, P2, JFK)
Load(C3, P3, ATL)
Fly(P1, SFO, JFK)
Fly(P2, JFK, SFO)
Fly(P3, ATL, SFO)
Unload(C1, P1, JFK)
Unload(C2, P2, SFO)
Unload(C3, P3, SFO)

